<?xml version="1.0" encoding="UTF-8"?>
<!-- Generated by org.testng.reporters.JUnitReportReporter -->
<testsuite hostname="Suchi" failures="0" tests="1" name="com.orangehrm.hybridframework_testCases.LoginTC_02" time="2.304" errors="0" timestamp="2021-12-19T09:11:16 IST" skipped="0">
  <testcase classname="com.orangehrm.hybridframework_testCases.LoginTC_02" name="loginToOrangeHrmTC02" time="2.304"/>
  <system-out/>
</testsuite> <!-- com.orangehrm.hybridframework_testCases.LoginTC_02 -->
