<?xml version="1.0" encoding="UTF-8"?>
<!-- Generated by org.testng.reporters.JUnitReportReporter -->
<testsuite hostname="Suchi" failures="0" tests="1" name="com.orangehrm.hybridframework_testCases.LoginTC" time="19.235" errors="0" timestamp="2022-01-11T09:10:19 IST" skipped="0">
  <testcase classname="com.orangehrm.hybridframework_testCases.LoginTC" name="loginToOrangeHrmTC002" time="19.235"/>
  <system-out>
    <![CDATA[init LoginPage Object
Enter username into username text field
Enter password into password text field
Click on login button
Login Success]]>
  </system-out>
</testsuite> <!-- com.orangehrm.hybridframework_testCases.LoginTC -->
