<?xml version="1.0" encoding="UTF-8"?>
<!-- Generated by org.testng.reporters.JUnitReportReporter -->
<testsuite hostname="Suchi" failures="0" tests="1" name="com.orangehrm.hybridframework_testCases.LoginTC01" time="62.057" errors="0" timestamp="2021-12-27T18:03:39 IST" skipped="0">
  <testcase classname="com.orangehrm.hybridframework_testCases.LoginTC01" name="loginToOrangeHrmTC002" time="62.057"/>
  <system-out/>
</testsuite> <!-- com.orangehrm.hybridframework_testCases.LoginTC01 -->
