<?xml version="1.0" encoding="UTF-8"?>
<!-- Generated by org.testng.reporters.JUnitReportReporter -->
<testsuite hostname="Suchi" failures="0" tests="1" name="com.orangehrm.hybridframework_testCases.LoginTC_01" time="7.096" errors="0" timestamp="2021-12-14T13:31:59 IST" skipped="0">
  <testcase classname="com.orangehrm.hybridframework_testCases.LoginTC_01" name="loginToOrangeHrmTC002" time="7.096"/>
  <system-out/>
</testsuite> <!-- com.orangehrm.hybridframework_testCases.LoginTC_01 -->
