<?xml version="1.0" encoding="UTF-8"?>
<!-- Generated by org.testng.reporters.JUnitReportReporter -->
<testsuite hostname="Suchi" failures="0" tests="1" name="com.orangehrm.hybridframework_testCases.DashboardTC01" time="10.575" errors="0" timestamp="2021-12-11T17:19:16 IST" skipped="0">
  <testcase classname="com.orangehrm.hybridframework_testCases.DashboardTC01" name="logoutOrangeHRM" time="10.575"/>
  <system-out/>
</testsuite> <!-- com.orangehrm.hybridframework_testCases.DashboardTC01 -->
